2021-06-25 01:40:30.188  INFO 2872 --- [main] com.example.demo.BackendApplication      : Starting BackendApplication using Java 11.0.11 on DESKTOP-HO3T745 with PID 2872 (C:\Users\user\eclipse-workspace\uproad\target\classes started by user in C:\Users\user\eclipse-workspace\uproad)
2021-06-25 01:40:30.190  INFO 2872 --- [main] com.example.demo.BackendApplication      : No active profile set, falling back to default profiles: default
2021-06-25 01:40:30.540  INFO 2872 --- [main] com.example.demo.BackendApplication      : Started BackendApplication in 0.648 seconds (JVM running for 2.163)
2021-06-25 01:41:00.541  INFO 11884 --- [main] com.example.demo.BackendApplication      : Starting BackendApplication using Java 11.0.11 on DESKTOP-HO3T745 with PID 11884 (C:\Users\user\eclipse-workspace\uproad\target\classes started by user in C:\Users\user\eclipse-workspace\uproad)
2021-06-25 01:41:00.544  INFO 11884 --- [main] com.example.demo.BackendApplication      : No active profile set, falling back to default profiles: default
2021-06-25 01:41:00.894  INFO 11884 --- [main] com.example.demo.BackendApplication      : Started BackendApplication in 0.643 seconds (JVM running for 2.117)
2021-06-25 01:45:28.817  INFO 3408 --- [main] com.example.demo.BackendApplication      : Starting BackendApplication using Java 11.0.11 on DESKTOP-HO3T745 with PID 3408 (C:\Users\user\eclipse-workspace\uproad\target\classes started by user in C:\Users\user\eclipse-workspace\uproad)
2021-06-25 01:45:28.819  INFO 3408 --- [main] com.example.demo.BackendApplication      : No active profile set, falling back to default profiles: default
2021-06-25 01:45:29.414  INFO 3408 --- [main] o.s.b.w.embedded.tomcat.TomcatWebServer  : Tomcat initialized with port(s): 5000 (http)
2021-06-25 01:45:29.422  INFO 3408 --- [main] o.apache.catalina.core.StandardService   : Starting service [Tomcat]
2021-06-25 01:45:29.422  INFO 3408 --- [main] org.apache.catalina.core.StandardEngine  : Starting Servlet engine: [Apache Tomcat/9.0.46]
2021-06-25 01:45:29.481  INFO 3408 --- [main] o.a.c.c.C.[Tomcat].[localhost].[/]       : Initializing Spring embedded WebApplicationContext
2021-06-25 01:45:29.482  INFO 3408 --- [main] w.s.c.ServletWebServerApplicationContext : Root WebApplicationContext: initialization completed in 629 ms
2021-06-25 01:45:29.756  INFO 3408 --- [main] o.s.b.w.embedded.tomcat.TomcatWebServer  : Tomcat started on port(s): 5000 (http) with context path ''
2021-06-25 01:45:29.764  INFO 3408 --- [main] com.example.demo.BackendApplication      : Started BackendApplication in 1.25 seconds (JVM running for 2.741)
2021-06-25 01:46:35.312  INFO 3408 --- [RMI TCP Connection(7)-127.0.0.1] inMXBeanRegistrar$SpringApplicationAdmin : Application shutdown requested.
2021-06-25 01:46:43.225  INFO 6148 --- [main] com.example.demo.BackendApplication      : Starting BackendApplication using Java 11.0.11 on DESKTOP-HO3T745 with PID 6148 (C:\Users\user\eclipse-workspace\uproad\target\classes started by user in C:\Users\user\eclipse-workspace\uproad)
2021-06-25 01:46:43.229  INFO 6148 --- [main] com.example.demo.BackendApplication      : No active profile set, falling back to default profiles: default
2021-06-25 01:46:43.913  INFO 6148 --- [main] o.s.b.w.embedded.tomcat.TomcatWebServer  : Tomcat initialized with port(s): 5000 (http)
2021-06-25 01:46:43.923  INFO 6148 --- [main] o.apache.catalina.core.StandardService   : Starting service [Tomcat]
2021-06-25 01:46:43.924  INFO 6148 --- [main] org.apache.catalina.core.StandardEngine  : Starting Servlet engine: [Apache Tomcat/9.0.46]
2021-06-25 01:46:43.991  INFO 6148 --- [main] o.a.c.c.C.[Tomcat].[localhost].[/]       : Initializing Spring embedded WebApplicationContext
2021-06-25 01:46:43.993  INFO 6148 --- [main] w.s.c.ServletWebServerApplicationContext : Root WebApplicationContext: initialization completed in 722 ms
2021-06-25 01:46:44.300  INFO 6148 --- [main] o.s.b.w.embedded.tomcat.TomcatWebServer  : Tomcat started on port(s): 5000 (http) with context path ''
2021-06-25 01:46:44.309  INFO 6148 --- [main] com.example.demo.BackendApplication      : Started BackendApplication in 1.434 seconds (JVM running for 3.081)
2021-06-25 01:49:54.440  INFO 6148 --- [http-nio-5000-exec-2] o.a.c.c.C.[Tomcat].[localhost].[/]       : Initializing Spring DispatcherServlet 'dispatcherServlet'
2021-06-25 01:49:54.441  INFO 6148 --- [http-nio-5000-exec-2] o.s.web.servlet.DispatcherServlet        : Initializing Servlet 'dispatcherServlet'
2021-06-25 01:49:54.442  INFO 6148 --- [http-nio-5000-exec-2] o.s.web.servlet.DispatcherServlet        : Completed initialization in 1 ms
2021-06-25 01:58:51.130  INFO 6148 --- [RMI TCP Connection(19)-127.0.0.1] inMXBeanRegistrar$SpringApplicationAdmin : Application shutdown requested.
2021-06-25 01:59:07.318  INFO 392 --- [main] com.example.demo.BackendApplication      : Starting BackendApplication using Java 11.0.11 on DESKTOP-HO3T745 with PID 392 (C:\Users\user\eclipse-workspace\uproad\target\classes started by user in C:\Users\user\eclipse-workspace\uproad)
2021-06-25 01:59:07.322  INFO 392 --- [main] com.example.demo.BackendApplication      : No active profile set, falling back to default profiles: default
2021-06-25 01:59:08.028  INFO 392 --- [main] o.s.b.w.embedded.tomcat.TomcatWebServer  : Tomcat initialized with port(s): 5000 (http)
2021-06-25 01:59:08.038  INFO 392 --- [main] o.apache.catalina.core.StandardService   : Starting service [Tomcat]
2021-06-25 01:59:08.038  INFO 392 --- [main] org.apache.catalina.core.StandardEngine  : Starting Servlet engine: [Apache Tomcat/9.0.46]
2021-06-25 01:59:08.104  INFO 392 --- [main] o.a.c.c.C.[Tomcat].[localhost].[/]       : Initializing Spring embedded WebApplicationContext
2021-06-25 01:59:08.104  INFO 392 --- [main] w.s.c.ServletWebServerApplicationContext : Root WebApplicationContext: initialization completed in 743 ms
2021-06-25 01:59:08.411  INFO 392 --- [main] o.s.b.w.embedded.tomcat.TomcatWebServer  : Tomcat started on port(s): 5000 (http) with context path ''
2021-06-25 01:59:08.419  INFO 392 --- [main] com.example.demo.BackendApplication      : Started BackendApplication in 1.48 seconds (JVM running for 3.195)
2021-06-25 02:14:32.201  INFO 392 --- [RMI TCP Connection(21)-127.0.0.1] inMXBeanRegistrar$SpringApplicationAdmin : Application shutdown requested.
2021-06-25 02:14:40.514  INFO 6920 --- [main] com.example.demo.BackendApplication      : Starting BackendApplication using Java 11.0.11 on DESKTOP-HO3T745 with PID 6920 (C:\Users\user\eclipse-workspace\uproad\target\classes started by user in C:\Users\user\eclipse-workspace\uproad)
2021-06-25 02:14:40.517  INFO 6920 --- [main] com.example.demo.BackendApplication      : No active profile set, falling back to default profiles: default
2021-06-25 02:14:41.145  INFO 6920 --- [main] o.s.b.w.embedded.tomcat.TomcatWebServer  : Tomcat initialized with port(s): 5000 (http)
2021-06-25 02:14:41.151  INFO 6920 --- [main] o.apache.catalina.core.StandardService   : Starting service [Tomcat]
2021-06-25 02:14:41.151  INFO 6920 --- [main] org.apache.catalina.core.StandardEngine  : Starting Servlet engine: [Apache Tomcat/9.0.46]
2021-06-25 02:14:41.209  INFO 6920 --- [main] o.a.c.c.C.[Tomcat].[localhost].[/]       : Initializing Spring embedded WebApplicationContext
2021-06-25 02:14:41.209  INFO 6920 --- [main] w.s.c.ServletWebServerApplicationContext : Root WebApplicationContext: initialization completed in 660 ms
2021-06-25 02:14:41.456  INFO 6920 --- [main] o.s.b.w.embedded.tomcat.TomcatWebServer  : Tomcat started on port(s): 5000 (http) with context path ''
2021-06-25 02:14:41.472  INFO 6920 --- [main] com.example.demo.BackendApplication      : Started BackendApplication in 1.266 seconds (JVM running for 2.874)
2021-06-25 02:15:11.320  INFO 18136 --- [main] c.example.demo.BackendApplicationTests   : Starting BackendApplicationTests using Java 11.0.11 on DESKTOP-HO3T745 with PID 18136 (started by user in C:\Users\user\eclipse-workspace\uproad)
2021-06-25 02:15:11.322  INFO 18136 --- [main] c.example.demo.BackendApplicationTests   : No active profile set, falling back to default profiles: default
2021-06-25 02:15:12.836  INFO 18136 --- [main] c.example.demo.BackendApplicationTests   : Started BackendApplicationTests in 1.898 seconds (JVM running for 2.935)
2021-06-25 02:18:11.124  INFO 6920 --- [http-nio-5000-exec-1] o.a.c.c.C.[Tomcat].[localhost].[/]       : Initializing Spring DispatcherServlet 'dispatcherServlet'
2021-06-25 02:18:11.125  INFO 6920 --- [http-nio-5000-exec-1] o.s.web.servlet.DispatcherServlet        : Initializing Servlet 'dispatcherServlet'
2021-06-25 02:18:11.126  INFO 6920 --- [http-nio-5000-exec-1] o.s.web.servlet.DispatcherServlet        : Completed initialization in 1 ms
2021-06-25 02:20:28.574  INFO 6920 --- [RMI TCP Connection(13)-127.0.0.1] inMXBeanRegistrar$SpringApplicationAdmin : Application shutdown requested.
2021-06-25 02:20:52.696  INFO 22684 --- [main] com.example.demo.BackendApplication      : Starting BackendApplication using Java 11.0.11 on DESKTOP-HO3T745 with PID 22684 (C:\Users\user\eclipse-workspace\uproad\target\classes started by user in C:\Users\user\eclipse-workspace\uproad)
2021-06-25 02:20:52.699  INFO 22684 --- [main] com.example.demo.BackendApplication      : No active profile set, falling back to default profiles: default
2021-06-25 02:20:53.485  INFO 22684 --- [main] o.s.b.w.embedded.tomcat.TomcatWebServer  : Tomcat initialized with port(s): 8080 (http)
2021-06-25 02:20:53.494  INFO 22684 --- [main] o.apache.catalina.core.StandardService   : Starting service [Tomcat]
2021-06-25 02:20:53.494  INFO 22684 --- [main] org.apache.catalina.core.StandardEngine  : Starting Servlet engine: [Apache Tomcat/9.0.46]
2021-06-25 02:20:53.561  INFO 22684 --- [main] o.a.c.c.C.[Tomcat].[localhost].[/]       : Initializing Spring embedded WebApplicationContext
2021-06-25 02:20:53.561  INFO 22684 --- [main] w.s.c.ServletWebServerApplicationContext : Root WebApplicationContext: initialization completed in 820 ms
2021-06-25 02:20:53.886  INFO 22684 --- [main] o.s.b.w.embedded.tomcat.TomcatWebServer  : Tomcat started on port(s): 8080 (http) with context path ''
2021-06-25 02:20:53.896  INFO 22684 --- [main] com.example.demo.BackendApplication      : Started BackendApplication in 1.624 seconds (JVM running for 3.462)
2021-06-25 02:21:05.446  INFO 22684 --- [http-nio-8080-exec-2] o.a.c.c.C.[Tomcat].[localhost].[/]       : Initializing Spring DispatcherServlet 'dispatcherServlet'
2021-06-25 02:21:05.447  INFO 22684 --- [http-nio-8080-exec-2] o.s.web.servlet.DispatcherServlet        : Initializing Servlet 'dispatcherServlet'
2021-06-25 02:21:05.448  INFO 22684 --- [http-nio-8080-exec-2] o.s.web.servlet.DispatcherServlet        : Completed initialization in 1 ms
2021-06-25 02:23:49.847  INFO 22544 --- [main] c.example.demo.BackendApplicationTests   : Starting BackendApplicationTests using Java 11.0.11 on DESKTOP-HO3T745 with PID 22544 (started by user in C:\Users\user\eclipse-workspace\uproad)
2021-06-25 02:23:49.853  INFO 22544 --- [main] c.example.demo.BackendApplicationTests   : No active profile set, falling back to default profiles: default
2021-06-25 02:23:51.309  INFO 22544 --- [main] c.example.demo.BackendApplicationTests   : Started BackendApplicationTests in 1.838 seconds (JVM running for 2.875)
